0 info it worked if it ends with ok
1 verbose cli [ '/usr/bin/nodejs', '/usr/local/bin/npm', 'i', '-g', 'mocha' ]
2 info using npm@5.0.3
3 info using node@v4.2.6
4 verbose npm-session 0913f4da92430821
5 silly install loadCurrentTree
6 silly install readGlobalPackageData
7 http fetch GET 200 https://registry.npmjs.org/mocha 23ms (from cache)
8 silly pacote tag manifest for mocha@latest fetched in 64ms
9 silly install loadIdealTree
10 silly install cloneCurrentTreeToIdealTree
11 silly install loadShrinkwrap
12 silly install loadAllDepsIntoIdealTree
13 silly resolveWithNewModule mocha@6.1.4 checking installable status
14 http fetch GET 200 https://registry.npmjs.org/ansi-colors 34ms (from cache)
15 http fetch GET 200 https://registry.npmjs.org/browser-stdout 33ms (from cache)
16 http fetch GET 200 https://registry.npmjs.org/debug 34ms (from cache)
17 http fetch GET 200 https://registry.npmjs.org/diff 32ms (from cache)
18 http fetch GET 200 https://registry.npmjs.org/escape-string-regexp 32ms (from cache)
19 http fetch GET 200 https://registry.npmjs.org/find-up 31ms (from cache)
20 http fetch GET 200 https://registry.npmjs.org/glob 44ms (from cache)
21 http fetch GET 200 https://registry.npmjs.org/growl 44ms (from cache)
22 http fetch GET 200 https://registry.npmjs.org/he 43ms (from cache)
23 http fetch GET 200 https://registry.npmjs.org/js-yaml 44ms (from cache)
24 silly pacote version manifest for ansi-colors@3.2.3 fetched in 61ms
25 silly resolveWithNewModule ansi-colors@3.2.3 checking installable status
26 silly pacote version manifest for browser-stdout@1.3.1 fetched in 61ms
27 silly resolveWithNewModule browser-stdout@1.3.1 checking installable status
28 silly pacote version manifest for debug@3.2.6 fetched in 65ms
29 silly resolveWithNewModule debug@3.2.6 checking installable status
30 silly pacote version manifest for diff@3.5.0 fetched in 67ms
31 silly resolveWithNewModule diff@3.5.0 checking installable status
32 silly pacote version manifest for escape-string-regexp@1.0.5 fetched in 67ms
33 silly resolveWithNewModule escape-string-regexp@1.0.5 checking installable status
34 silly pacote version manifest for find-up@3.0.0 fetched in 69ms
35 silly resolveWithNewModule find-up@3.0.0 checking installable status
36 silly pacote version manifest for glob@7.1.3 fetched in 69ms
37 silly resolveWithNewModule glob@7.1.3 checking installable status
38 silly pacote version manifest for growl@1.10.5 fetched in 69ms
39 silly resolveWithNewModule growl@1.10.5 checking installable status
40 silly pacote version manifest for he@1.2.0 fetched in 72ms
41 silly resolveWithNewModule he@1.2.0 checking installable status
42 silly pacote version manifest for js-yaml@3.13.1 fetched in 73ms
43 silly resolveWithNewModule js-yaml@3.13.1 checking installable status
44 http fetch GET 200 https://registry.npmjs.org/log-symbols 32ms (from cache)
45 http fetch GET 200 https://registry.npmjs.org/minimatch 32ms (from cache)
46 http fetch GET 200 https://registry.npmjs.org/mkdirp 31ms (from cache)
47 http fetch GET 200 https://registry.npmjs.org/ms 30ms (from cache)
48 http fetch GET 200 https://registry.npmjs.org/node-environment-flags 29ms (from cache)
49 http fetch GET 200 https://registry.npmjs.org/object.assign 29ms (from cache)
50 http fetch GET 200 https://registry.npmjs.org/strip-json-comments 29ms (from cache)
51 http fetch GET 200 https://registry.npmjs.org/supports-color 29ms (from cache)
52 http fetch GET 200 https://registry.npmjs.org/which 29ms (from cache)
53 http fetch GET 200 https://registry.npmjs.org/wide-align 29ms (from cache)
54 silly pacote version manifest for log-symbols@2.2.0 fetched in 41ms
55 silly resolveWithNewModule log-symbols@2.2.0 checking installable status
56 silly pacote version manifest for minimatch@3.0.4 fetched in 42ms
57 silly resolveWithNewModule minimatch@3.0.4 checking installable status
58 silly pacote version manifest for mkdirp@0.5.1 fetched in 47ms
59 silly resolveWithNewModule mkdirp@0.5.1 checking installable status
60 silly pacote version manifest for ms@2.1.1 fetched in 47ms
61 silly resolveWithNewModule ms@2.1.1 checking installable status
62 silly pacote version manifest for node-environment-flags@1.0.5 fetched in 49ms
63 silly resolveWithNewModule node-environment-flags@1.0.5 checking installable status
64 silly pacote version manifest for object.assign@4.1.0 fetched in 49ms
65 silly resolveWithNewModule object.assign@4.1.0 checking installable status
66 silly pacote version manifest for strip-json-comments@2.0.1 fetched in 48ms
67 silly resolveWithNewModule strip-json-comments@2.0.1 checking installable status
68 silly pacote version manifest for supports-color@6.0.0 fetched in 51ms
69 silly resolveWithNewModule supports-color@6.0.0 checking installable status
70 silly pacote version manifest for which@1.3.1 fetched in 52ms
71 silly resolveWithNewModule which@1.3.1 checking installable status
72 silly pacote version manifest for wide-align@1.1.3 fetched in 52ms
73 silly resolveWithNewModule wide-align@1.1.3 checking installable status
74 http fetch GET 200 https://registry.npmjs.org/yargs 5ms (from cache)
75 http fetch GET 200 https://registry.npmjs.org/yargs-parser 7ms (from cache)
76 http fetch GET 200 https://registry.npmjs.org/yargs-unparser 7ms (from cache)
77 silly pacote version manifest for yargs@13.2.2 fetched in 10ms
78 silly resolveWithNewModule yargs@13.2.2 checking installable status
79 silly pacote version manifest for yargs-parser@13.0.0 fetched in 10ms
80 silly resolveWithNewModule yargs-parser@13.0.0 checking installable status
81 silly pacote version manifest for yargs-unparser@1.5.0 fetched in 10ms
82 silly resolveWithNewModule yargs-unparser@1.5.0 checking installable status
83 http fetch GET 200 https://registry.npmjs.org/locate-path 5ms (from cache)
84 silly pacote range manifest for locate-path@^3.0.0 fetched in 9ms
85 silly resolveWithNewModule locate-path@3.0.0 checking installable status
86 http fetch GET 200 https://registry.npmjs.org/p-locate 9ms (from cache)
87 http fetch GET 200 https://registry.npmjs.org/path-exists 8ms (from cache)
88 silly pacote range manifest for p-locate@^3.0.0 fetched in 11ms
89 silly resolveWithNewModule p-locate@3.0.0 checking installable status
90 silly pacote range manifest for path-exists@^3.0.0 fetched in 12ms
91 silly resolveWithNewModule path-exists@3.0.0 checking installable status
92 http fetch GET 200 https://registry.npmjs.org/p-limit 2ms (from cache)
93 silly pacote range manifest for p-limit@^2.0.0 fetched in 3ms
94 silly resolveWithNewModule p-limit@2.2.0 checking installable status
95 http fetch GET 200 https://registry.npmjs.org/p-try 2ms (from cache)
96 silly pacote range manifest for p-try@^2.0.0 fetched in 3ms
97 silly resolveWithNewModule p-try@2.2.0 checking installable status
98 http fetch GET 200 https://registry.npmjs.org/fs.realpath 41ms (from cache)
99 http fetch GET 200 https://registry.npmjs.org/inflight 42ms (from cache)
100 http fetch GET 200 https://registry.npmjs.org/once 41ms (from cache)
101 http fetch GET 200 https://registry.npmjs.org/path-is-absolute 41ms (from cache)
102 silly pacote range manifest for fs.realpath@^1.0.0 fetched in 45ms
103 silly resolveWithNewModule fs.realpath@1.0.0 checking installable status
104 silly pacote range manifest for inflight@^1.0.4 fetched in 46ms
105 silly resolveWithNewModule inflight@1.0.6 checking installable status
106 silly pacote range manifest for once@^1.3.0 fetched in 46ms
107 silly resolveWithNewModule once@1.4.0 checking installable status
108 silly pacote range manifest for path-is-absolute@^1.0.0 fetched in 47ms
109 silly resolveWithNewModule path-is-absolute@1.0.1 checking installable status
110 http fetch GET 304 https://registry.npmjs.org/inherits 136ms (from cache)
111 silly pacote range manifest for inherits@2 fetched in 141ms
112 silly resolveWithNewModule inherits@2.0.3 checking installable status
113 http fetch GET 200 https://registry.npmjs.org/wrappy 4ms (from cache)
114 silly pacote range manifest for wrappy@1 fetched in 5ms
115 silly resolveWithNewModule wrappy@1.0.2 checking installable status
116 http fetch GET 200 https://registry.npmjs.org/brace-expansion 3ms (from cache)
117 silly pacote range manifest for brace-expansion@^1.1.7 fetched in 6ms
118 silly resolveWithNewModule brace-expansion@1.1.11 checking installable status
119 http fetch GET 200 https://registry.npmjs.org/balanced-match 8ms (from cache)
120 http fetch GET 200 https://registry.npmjs.org/concat-map 9ms (from cache)
121 silly pacote range manifest for balanced-match@^1.0.0 fetched in 10ms
122 silly resolveWithNewModule balanced-match@1.0.0 checking installable status
123 silly pacote version manifest for concat-map@0.0.1 fetched in 11ms
124 silly resolveWithNewModule concat-map@0.0.1 checking installable status
125 http fetch GET 200 https://registry.npmjs.org/argparse 4ms (from cache)
126 http fetch GET 200 https://registry.npmjs.org/esprima 6ms (from cache)
127 silly pacote range manifest for argparse@^1.0.7 fetched in 8ms
128 silly resolveWithNewModule argparse@1.0.10 checking installable status
129 silly pacote range manifest for esprima@^4.0.0 fetched in 9ms
130 silly resolveWithNewModule esprima@4.0.1 checking installable status
131 http fetch GET 200 https://registry.npmjs.org/sprintf-js 7ms (from cache)
132 silly pacote range manifest for sprintf-js@~1.0.2 fetched in 10ms
133 silly resolveWithNewModule sprintf-js@1.0.3 checking installable status
134 http fetch GET 200 https://registry.npmjs.org/chalk 2ms (from cache)
135 silly pacote range manifest for chalk@^2.0.1 fetched in 3ms
136 silly resolveWithNewModule chalk@2.4.2 checking installable status
137 silly pacote range manifest for supports-color@^5.3.0 fetched in 3ms
138 silly resolveWithNewModule supports-color@5.5.0 checking installable status
139 http fetch GET 200 https://registry.npmjs.org/ansi-styles 9ms (from cache)
140 silly pacote range manifest for ansi-styles@^3.2.1 fetched in 11ms
141 silly resolveWithNewModule ansi-styles@3.2.1 checking installable status
142 http fetch GET 200 https://registry.npmjs.org/color-convert 2ms (from cache)
143 silly pacote range manifest for color-convert@^1.9.0 fetched in 8ms
144 silly resolveWithNewModule color-convert@1.9.3 checking installable status
145 http fetch GET 200 https://registry.npmjs.org/color-name 4ms (from cache)
146 silly pacote version manifest for color-name@1.1.3 fetched in 5ms
147 silly resolveWithNewModule color-name@1.1.3 checking installable status
148 http fetch GET 200 https://registry.npmjs.org/has-flag 2ms (from cache)
149 silly pacote range manifest for has-flag@^3.0.0 fetched in 3ms
150 silly resolveWithNewModule has-flag@3.0.0 checking installable status
151 http fetch GET 200 https://registry.npmjs.org/minimist 2ms (from cache)
152 silly pacote version manifest for minimist@0.0.8 fetched in 3ms
153 silly resolveWithNewModule minimist@0.0.8 checking installable status
154 http fetch GET 200 https://registry.npmjs.org/object.getownpropertydescriptors 4ms (from cache)
155 http fetch GET 200 https://registry.npmjs.org/semver 4ms (from cache)
156 silly pacote range manifest for object.getownpropertydescriptors@^2.0.3 fetched in 10ms
157 silly resolveWithNewModule object.getownpropertydescriptors@2.0.3 checking installable status
158 silly pacote range manifest for semver@^5.7.0 fetched in 14ms
159 silly resolveWithNewModule semver@5.7.0 checking installable status
160 http fetch GET 200 https://registry.npmjs.org/define-properties 3ms (from cache)
161 http fetch GET 200 https://registry.npmjs.org/es-abstract 3ms (from cache)
162 silly pacote range manifest for define-properties@^1.1.2 fetched in 5ms
163 silly resolveWithNewModule define-properties@1.1.3 checking installable status
164 silly pacote range manifest for es-abstract@^1.5.1 fetched in 6ms
165 silly resolveWithNewModule es-abstract@1.13.0 checking installable status
166 http fetch GET 200 https://registry.npmjs.org/object-keys 2ms (from cache)
167 silly pacote range manifest for object-keys@^1.0.12 fetched in 3ms
168 silly resolveWithNewModule object-keys@1.1.1 checking installable status
169 http fetch GET 200 https://registry.npmjs.org/es-to-primitive 10ms (from cache)
170 http fetch GET 200 https://registry.npmjs.org/function-bind 9ms (from cache)
171 http fetch GET 200 https://registry.npmjs.org/has 8ms (from cache)
172 http fetch GET 200 https://registry.npmjs.org/is-callable 8ms (from cache)
173 http fetch GET 200 https://registry.npmjs.org/is-regex 9ms (from cache)
174 silly pacote range manifest for es-to-primitive@^1.2.0 fetched in 14ms
175 silly resolveWithNewModule es-to-primitive@1.2.0 checking installable status
176 silly pacote range manifest for function-bind@^1.1.1 fetched in 14ms
177 silly resolveWithNewModule function-bind@1.1.1 checking installable status
178 silly pacote range manifest for has@^1.0.3 fetched in 15ms
179 silly resolveWithNewModule has@1.0.3 checking installable status
180 silly pacote range manifest for is-callable@^1.1.4 fetched in 15ms
181 silly resolveWithNewModule is-callable@1.1.4 checking installable status
182 silly pacote range manifest for is-regex@^1.0.4 fetched in 15ms
183 silly resolveWithNewModule is-regex@1.0.4 checking installable status
184 http fetch GET 200 https://registry.npmjs.org/is-date-object 4ms (from cache)
185 http fetch GET 200 https://registry.npmjs.org/is-symbol 4ms (from cache)
186 silly pacote range manifest for is-date-object@^1.0.1 fetched in 6ms
187 silly resolveWithNewModule is-date-object@1.0.1 checking installable status
188 silly pacote range manifest for is-symbol@^1.0.2 fetched in 5ms
189 silly resolveWithNewModule is-symbol@1.0.2 checking installable status
190 http fetch GET 200 https://registry.npmjs.org/has-symbols 1ms (from cache)
191 silly pacote range manifest for has-symbols@^1.0.0 fetched in 4ms
192 silly resolveWithNewModule has-symbols@1.0.0 checking installable status
193 http fetch GET 200 https://registry.npmjs.org/isexe 3ms (from cache)
194 silly pacote range manifest for isexe@^2.0.0 fetched in 4ms
195 silly resolveWithNewModule isexe@2.0.0 checking installable status
196 http fetch GET 200 https://registry.npmjs.org/string-width 2ms (from cache)
197 silly pacote range manifest for string-width@^1.0.2 || 2 fetched in 3ms
198 silly resolveWithNewModule string-width@2.1.1 checking installable status
199 http fetch GET 200 https://registry.npmjs.org/is-fullwidth-code-point 6ms (from cache)
200 http fetch GET 200 https://registry.npmjs.org/strip-ansi 7ms (from cache)
201 silly pacote range manifest for is-fullwidth-code-point@^2.0.0 fetched in 11ms
202 silly resolveWithNewModule is-fullwidth-code-point@2.0.0 checking installable status
203 silly pacote range manifest for strip-ansi@^4.0.0 fetched in 12ms
204 silly resolveWithNewModule strip-ansi@4.0.0 checking installable status
205 http fetch GET 200 https://registry.npmjs.org/ansi-regex 2ms (from cache)
206 silly pacote range manifest for ansi-regex@^3.0.0 fetched in 7ms
207 silly resolveWithNewModule ansi-regex@3.0.0 checking installable status
208 silly pacote range manifest for string-width@^3.0.0 fetched in 3ms
209 silly resolveWithNewModule string-width@3.1.0 checking installable status
210 http fetch GET 200 https://registry.npmjs.org/cliui 21ms (from cache)
211 http fetch GET 200 https://registry.npmjs.org/get-caller-file 21ms (from cache)
212 http fetch GET 200 https://registry.npmjs.org/os-locale 21ms (from cache)
213 http fetch GET 200 https://registry.npmjs.org/require-directory 21ms (from cache)
214 http fetch GET 200 https://registry.npmjs.org/require-main-filename 21ms (from cache)
215 http fetch GET 200 https://registry.npmjs.org/set-blocking 21ms (from cache)
216 http fetch GET 200 https://registry.npmjs.org/which-module 20ms (from cache)
217 http fetch GET 200 https://registry.npmjs.org/y18n 21ms (from cache)
218 silly pacote range manifest for cliui@^4.0.0 fetched in 28ms
219 silly resolveWithNewModule cliui@4.1.0 checking installable status
220 silly pacote range manifest for get-caller-file@^2.0.1 fetched in 28ms
221 silly resolveWithNewModule get-caller-file@2.0.5 checking installable status
222 silly pacote range manifest for os-locale@^3.1.0 fetched in 28ms
223 silly resolveWithNewModule os-locale@3.1.0 checking installable status
224 silly pacote range manifest for require-directory@^2.1.1 fetched in 28ms
225 silly resolveWithNewModule require-directory@2.1.1 checking installable status
226 silly pacote range manifest for require-main-filename@^2.0.0 fetched in 29ms
227 silly resolveWithNewModule require-main-filename@2.0.0 checking installable status
228 silly pacote range manifest for set-blocking@^2.0.0 fetched in 29ms
229 silly resolveWithNewModule set-blocking@2.0.0 checking installable status
230 silly pacote range manifest for which-module@^2.0.0 fetched in 29ms
231 silly resolveWithNewModule which-module@2.0.0 checking installable status
232 silly pacote range manifest for y18n@^4.0.0 fetched in 30ms
233 silly resolveWithNewModule y18n@4.0.0 checking installable status
234 http fetch GET 200 https://registry.npmjs.org/wrap-ansi 2ms (from cache)
235 silly pacote range manifest for wrap-ansi@^2.0.0 fetched in 3ms
236 silly resolveWithNewModule wrap-ansi@2.1.0 checking installable status
237 silly pacote range manifest for string-width@^1.0.1 fetched in 2ms
238 silly resolveWithNewModule string-width@1.0.2 checking installable status
239 silly pacote range manifest for strip-ansi@^3.0.1 fetched in 2ms
240 silly resolveWithNewModule strip-ansi@3.0.1 checking installable status
241 silly pacote range manifest for is-fullwidth-code-point@^1.0.0 fetched in 1ms
242 silly resolveWithNewModule is-fullwidth-code-point@1.0.0 checking installable status
243 http fetch GET 200 https://registry.npmjs.org/code-point-at 3ms (from cache)
244 silly pacote range manifest for code-point-at@^1.0.0 fetched in 3ms
245 silly resolveWithNewModule code-point-at@1.1.0 checking installable status
246 http fetch GET 200 https://registry.npmjs.org/number-is-nan 2ms (from cache)
247 silly pacote range manifest for number-is-nan@^1.0.0 fetched in 3ms
248 silly resolveWithNewModule number-is-nan@1.0.1 checking installable status
249 silly pacote range manifest for ansi-regex@^2.0.0 fetched in 1ms
250 silly resolveWithNewModule ansi-regex@2.1.1 checking installable status
251 http fetch GET 200 https://registry.npmjs.org/execa 4ms (from cache)
252 http fetch GET 200 https://registry.npmjs.org/lcid 4ms (from cache)
253 http fetch GET 200 https://registry.npmjs.org/mem 4ms (from cache)
254 silly pacote range manifest for execa@^1.0.0 fetched in 7ms
255 silly resolveWithNewModule execa@1.0.0 checking installable status
256 silly pacote range manifest for lcid@^2.0.0 fetched in 7ms
257 silly resolveWithNewModule lcid@2.0.0 checking installable status
258 silly pacote range manifest for mem@^4.0.0 fetched in 7ms
259 silly resolveWithNewModule mem@4.3.0 checking installable status
260 http fetch GET 200 https://registry.npmjs.org/cross-spawn 14ms (from cache)
261 http fetch GET 200 https://registry.npmjs.org/get-stream 15ms (from cache)
262 http fetch GET 200 https://registry.npmjs.org/is-stream 14ms (from cache)
263 http fetch GET 200 https://registry.npmjs.org/npm-run-path 14ms (from cache)
264 http fetch GET 200 https://registry.npmjs.org/p-finally 14ms (from cache)
265 http fetch GET 200 https://registry.npmjs.org/signal-exit 12ms (from cache)
266 http fetch GET 200 https://registry.npmjs.org/strip-eof 13ms (from cache)
267 silly pacote range manifest for cross-spawn@^6.0.0 fetched in 19ms
268 silly resolveWithNewModule cross-spawn@6.0.5 checking installable status
269 silly pacote range manifest for get-stream@^4.0.0 fetched in 19ms
270 silly resolveWithNewModule get-stream@4.1.0 checking installable status
271 silly pacote range manifest for is-stream@^1.1.0 fetched in 19ms
272 silly resolveWithNewModule is-stream@1.1.0 checking installable status
273 silly pacote range manifest for npm-run-path@^2.0.0 fetched in 20ms
274 silly resolveWithNewModule npm-run-path@2.0.2 checking installable status
275 silly pacote range manifest for p-finally@^1.0.0 fetched in 20ms
276 silly resolveWithNewModule p-finally@1.0.0 checking installable status
277 silly pacote range manifest for signal-exit@^3.0.0 fetched in 19ms
278 silly resolveWithNewModule signal-exit@3.0.2 checking installable status
279 silly pacote range manifest for strip-eof@^1.0.0 fetched in 20ms
280 silly resolveWithNewModule strip-eof@1.0.0 checking installable status
281 http fetch GET 200 https://registry.npmjs.org/nice-try 4ms (from cache)
282 http fetch GET 200 https://registry.npmjs.org/path-key 4ms (from cache)
283 http fetch GET 200 https://registry.npmjs.org/shebang-command 4ms (from cache)
284 silly pacote range manifest for nice-try@^1.0.4 fetched in 7ms
285 silly resolveWithNewModule nice-try@1.0.5 checking installable status
286 silly pacote range manifest for path-key@^2.0.1 fetched in 6ms
287 silly resolveWithNewModule path-key@2.0.1 checking installable status
288 silly pacote range manifest for shebang-command@^1.2.0 fetched in 7ms
289 silly resolveWithNewModule shebang-command@1.2.0 checking installable status
290 http fetch GET 200 https://registry.npmjs.org/shebang-regex 3ms (from cache)
291 silly pacote range manifest for shebang-regex@^1.0.0 fetched in 3ms
292 silly resolveWithNewModule shebang-regex@1.0.0 checking installable status
293 http fetch GET 200 https://registry.npmjs.org/pump 1ms (from cache)
294 silly pacote range manifest for pump@^3.0.0 fetched in 3ms
295 silly resolveWithNewModule pump@3.0.0 checking installable status
296 http fetch GET 200 https://registry.npmjs.org/end-of-stream 2ms (from cache)
297 silly pacote range manifest for end-of-stream@^1.1.0 fetched in 3ms
298 silly resolveWithNewModule end-of-stream@1.4.1 checking installable status
299 http fetch GET 200 https://registry.npmjs.org/invert-kv 2ms (from cache)
300 silly pacote range manifest for invert-kv@^2.0.0 fetched in 4ms
301 silly resolveWithNewModule invert-kv@2.0.0 checking installable status
302 http fetch GET 200 https://registry.npmjs.org/map-age-cleaner 5ms (from cache)
303 http fetch GET 200 https://registry.npmjs.org/mimic-fn 5ms (from cache)
304 http fetch GET 200 https://registry.npmjs.org/p-is-promise 5ms (from cache)
305 silly pacote range manifest for map-age-cleaner@^0.1.1 fetched in 7ms
306 silly resolveWithNewModule map-age-cleaner@0.1.3 checking installable status
307 silly pacote range manifest for mimic-fn@^2.0.0 fetched in 9ms
308 silly resolveWithNewModule mimic-fn@2.1.0 checking installable status
309 silly pacote range manifest for p-is-promise@^2.0.0 fetched in 9ms
310 silly resolveWithNewModule p-is-promise@2.1.0 checking installable status
311 http fetch GET 200 https://registry.npmjs.org/p-defer 1ms (from cache)
312 silly pacote range manifest for p-defer@^1.0.0 fetched in 3ms
313 silly resolveWithNewModule p-defer@1.0.0 checking installable status
314 silly pacote range manifest for strip-ansi@^5.1.0 fetched in 1ms
315 silly resolveWithNewModule strip-ansi@5.2.0 checking installable status
316 http fetch GET 200 https://registry.npmjs.org/emoji-regex 3ms (from cache)
317 silly pacote range manifest for emoji-regex@^7.0.1 fetched in 5ms
318 silly resolveWithNewModule emoji-regex@7.0.3 checking installable status
319 silly pacote range manifest for ansi-regex@^4.1.0 fetched in 0ms
320 silly resolveWithNewModule ansi-regex@4.1.0 checking installable status
321 http fetch GET 200 https://registry.npmjs.org/camelcase 4ms (from cache)
322 http fetch GET 200 https://registry.npmjs.org/decamelize 3ms (from cache)
323 silly pacote range manifest for camelcase@^5.0.0 fetched in 5ms
324 silly resolveWithNewModule camelcase@5.3.1 checking installable status
325 silly pacote range manifest for decamelize@^1.2.0 fetched in 5ms
326 silly resolveWithNewModule decamelize@1.2.0 checking installable status
327 silly pacote range manifest for yargs@^12.0.5 fetched in 6ms
328 silly resolveWithNewModule yargs@12.0.5 checking installable status
329 http fetch GET 200 https://registry.npmjs.org/flat 8ms (from cache)
330 http fetch GET 200 https://registry.npmjs.org/lodash 8ms (from cache)
331 silly pacote range manifest for flat@^4.1.0 fetched in 10ms
332 silly resolveWithNewModule flat@4.1.0 checking installable status
333 silly pacote range manifest for lodash@^4.17.11 fetched in 11ms
334 silly resolveWithNewModule lodash@4.17.11 checking installable status
335 http fetch GET 200 https://registry.npmjs.org/is-buffer 2ms (from cache)
336 silly pacote range manifest for is-buffer@~2.0.3 fetched in 4ms
337 silly resolveWithNewModule is-buffer@2.0.3 checking installable status
338 silly pacote range manifest for get-caller-file@^1.0.1 fetched in 3ms
339 silly resolveWithNewModule get-caller-file@1.0.3 checking installable status
340 silly pacote range manifest for require-main-filename@^1.0.1 fetched in 4ms
341 silly resolveWithNewModule require-main-filename@1.0.1 checking installable status
342 silly pacote range manifest for yargs-parser@^11.1.1 fetched in 5ms
343 silly resolveWithNewModule yargs-parser@11.1.1 checking installable status
344 silly currentTree lib
345 silly idealTree lib
345 silly idealTree └─┬ mocha@6.1.4
345 silly idealTree   ├── ansi-colors@3.2.3
345 silly idealTree   ├── ansi-regex@3.0.0
345 silly idealTree   ├── ansi-styles@3.2.1
345 silly idealTree   ├── argparse@1.0.10
345 silly idealTree   ├── balanced-match@1.0.0
345 silly idealTree   ├── brace-expansion@1.1.11
345 silly idealTree   ├── browser-stdout@1.3.1
345 silly idealTree   ├── camelcase@5.3.1
345 silly idealTree   ├─┬ chalk@2.4.2
345 silly idealTree   │ └── supports-color@5.5.0
345 silly idealTree   ├── cliui@4.1.0
345 silly idealTree   ├── code-point-at@1.1.0
345 silly idealTree   ├── color-convert@1.9.3
345 silly idealTree   ├── color-name@1.1.3
345 silly idealTree   ├── concat-map@0.0.1
345 silly idealTree   ├── cross-spawn@6.0.5
345 silly idealTree   ├── debug@3.2.6
345 silly idealTree   ├── decamelize@1.2.0
345 silly idealTree   ├── define-properties@1.1.3
345 silly idealTree   ├── diff@3.5.0
345 silly idealTree   ├── emoji-regex@7.0.3
345 silly idealTree   ├── end-of-stream@1.4.1
345 silly idealTree   ├── es-abstract@1.13.0
345 silly idealTree   ├── es-to-primitive@1.2.0
345 silly idealTree   ├── escape-string-regexp@1.0.5
345 silly idealTree   ├── esprima@4.0.1
345 silly idealTree   ├── execa@1.0.0
345 silly idealTree   ├── find-up@3.0.0
345 silly idealTree   ├── flat@4.1.0
345 silly idealTree   ├── fs.realpath@1.0.0
345 silly idealTree   ├── function-bind@1.1.1
345 silly idealTree   ├── get-caller-file@2.0.5
345 silly idealTree   ├── get-stream@4.1.0
345 silly idealTree   ├── glob@7.1.3
345 silly idealTree   ├── growl@1.10.5
345 silly idealTree   ├── has-flag@3.0.0
345 silly idealTree   ├── has-symbols@1.0.0
345 silly idealTree   ├── has@1.0.3
345 silly idealTree   ├── he@1.2.0
345 silly idealTree   ├── inflight@1.0.6
345 silly idealTree   ├── inherits@2.0.3
345 silly idealTree   ├── invert-kv@2.0.0
345 silly idealTree   ├── is-buffer@2.0.3
345 silly idealTree   ├── is-callable@1.1.4
345 silly idealTree   ├── is-date-object@1.0.1
345 silly idealTree   ├── is-fullwidth-code-point@2.0.0
345 silly idealTree   ├── is-regex@1.0.4
345 silly idealTree   ├── is-stream@1.1.0
345 silly idealTree   ├── is-symbol@1.0.2
345 silly idealTree   ├── isexe@2.0.0
345 silly idealTree   ├── js-yaml@3.13.1
345 silly idealTree   ├── lcid@2.0.0
345 silly idealTree   ├── locate-path@3.0.0
345 silly idealTree   ├── lodash@4.17.11
345 silly idealTree   ├── log-symbols@2.2.0
345 silly idealTree   ├── map-age-cleaner@0.1.3
345 silly idealTree   ├── mem@4.3.0
345 silly idealTree   ├── mimic-fn@2.1.0
345 silly idealTree   ├── minimatch@3.0.4
345 silly idealTree   ├── minimist@0.0.8
345 silly idealTree   ├── mkdirp@0.5.1
345 silly idealTree   ├── ms@2.1.1
345 silly idealTree   ├── nice-try@1.0.5
345 silly idealTree   ├── node-environment-flags@1.0.5
345 silly idealTree   ├── npm-run-path@2.0.2
345 silly idealTree   ├── number-is-nan@1.0.1
345 silly idealTree   ├── object-keys@1.1.1
345 silly idealTree   ├── object.assign@4.1.0
345 silly idealTree   ├── object.getownpropertydescriptors@2.0.3
345 silly idealTree   ├── once@1.4.0
345 silly idealTree   ├── os-locale@3.1.0
345 silly idealTree   ├── p-defer@1.0.0
345 silly idealTree   ├── p-finally@1.0.0
345 silly idealTree   ├── p-is-promise@2.1.0
345 silly idealTree   ├── p-limit@2.2.0
345 silly idealTree   ├── p-locate@3.0.0
345 silly idealTree   ├── p-try@2.2.0
345 silly idealTree   ├── path-exists@3.0.0
345 silly idealTree   ├── path-is-absolute@1.0.1
345 silly idealTree   ├── path-key@2.0.1
345 silly idealTree   ├── pump@3.0.0
345 silly idealTree   ├── require-directory@2.1.1
345 silly idealTree   ├── require-main-filename@2.0.0
345 silly idealTree   ├── semver@5.7.0
345 silly idealTree   ├── set-blocking@2.0.0
345 silly idealTree   ├── shebang-command@1.2.0
345 silly idealTree   ├── shebang-regex@1.0.0
345 silly idealTree   ├── signal-exit@3.0.2
345 silly idealTree   ├── sprintf-js@1.0.3
345 silly idealTree   ├── string-width@2.1.1
345 silly idealTree   ├── strip-ansi@4.0.0
345 silly idealTree   ├── strip-eof@1.0.0
345 silly idealTree   ├── strip-json-comments@2.0.1
345 silly idealTree   ├── supports-color@6.0.0
345 silly idealTree   ├── which-module@2.0.0
345 silly idealTree   ├── which@1.3.1
345 silly idealTree   ├── wide-align@1.1.3
345 silly idealTree   ├─┬ wrap-ansi@2.1.0
345 silly idealTree   │ ├── ansi-regex@2.1.1
345 silly idealTree   │ ├── is-fullwidth-code-point@1.0.0
345 silly idealTree   │ ├── string-width@1.0.2
345 silly idealTree   │ └── strip-ansi@3.0.1
345 silly idealTree   ├── wrappy@1.0.2
345 silly idealTree   ├── y18n@4.0.0
345 silly idealTree   ├── yargs-parser@13.0.0
345 silly idealTree   ├─┬ yargs-unparser@1.5.0
345 silly idealTree   │ ├── get-caller-file@1.0.3
345 silly idealTree   │ ├── require-main-filename@1.0.1
345 silly idealTree   │ ├── yargs-parser@11.1.1
345 silly idealTree   │ └── yargs@12.0.5
345 silly idealTree   └─┬ yargs@13.2.2
345 silly idealTree     ├── ansi-regex@4.1.0
345 silly idealTree     ├── string-width@3.1.0
345 silly idealTree     └── strip-ansi@5.2.0
346 silly install generateActionsToTake
347 warn checkPermissions Missing write access to /usr/local/lib/node_modules
348 verbose stack Error: EACCES: permission denied, access '/usr/local/lib/node_modules'
348 verbose stack     at Error (native)
349 verbose cwd /home/tom1
350 verbose Linux 4.4.0-1072-aws
351 verbose argv "/usr/bin/nodejs" "/usr/local/bin/npm" "i" "-g" "mocha"
352 verbose node v4.2.6
353 verbose npm  v5.0.3
354 error path /usr/local/lib/node_modules
355 error code EACCES
356 error errno -13
357 error syscall access
358 error Error: EACCES: permission denied, access '/usr/local/lib/node_modules'
358 error     at Error (native)
358 error  { [Error: EACCES: permission denied, access '/usr/local/lib/node_modules']
358 error   errno: -13,
358 error   code: 'EACCES',
358 error   syscall: 'access',
358 error   path: '/usr/local/lib/node_modules' }
359 error Please try running this command again as root/Administrator.
360 verbose exit [ -13, true ]
