0 info it worked if it ends with ok
1 verbose cli [ '/usr/bin/nodejs', '/usr/local/bin/npm', 'i', '-g', 'mocha' ]
2 info using npm@5.0.3
3 info using node@v4.2.6
4 verbose npm-session 877e83b02e3a475d
5 silly install loadCurrentTree
6 silly install readGlobalPackageData
7 http fetch GET 304 https://registry.npmjs.org/mocha 173ms (from cache)
8 silly pacote tag manifest for mocha@latest fetched in 249ms
9 silly install loadIdealTree
10 silly install cloneCurrentTreeToIdealTree
11 silly install loadShrinkwrap
12 silly install loadAllDepsIntoIdealTree
13 silly resolveWithNewModule mocha@6.1.4 checking installable status
14 http fetch GET 304 https://registry.npmjs.org/ansi-colors 64ms (from cache)
15 silly pacote version manifest for ansi-colors@3.2.3 fetched in 69ms
16 silly resolveWithNewModule ansi-colors@3.2.3 checking installable status
17 http fetch GET 304 https://registry.npmjs.org/growl 133ms (from cache)
18 http fetch GET 304 https://registry.npmjs.org/browser-stdout 137ms (from cache)
19 silly pacote version manifest for growl@1.10.5 fetched in 147ms
20 silly resolveWithNewModule growl@1.10.5 checking installable status
21 silly pacote version manifest for browser-stdout@1.3.1 fetched in 151ms
22 silly resolveWithNewModule browser-stdout@1.3.1 checking installable status
23 http fetch GET 304 https://registry.npmjs.org/diff 154ms (from cache)
24 http fetch GET 304 https://registry.npmjs.org/glob 157ms (from cache)
25 silly pacote version manifest for diff@3.5.0 fetched in 179ms
26 silly resolveWithNewModule diff@3.5.0 checking installable status
27 http fetch GET 304 https://registry.npmjs.org/escape-string-regexp 180ms (from cache)
28 http fetch GET 304 https://registry.npmjs.org/find-up 180ms (from cache)
29 http fetch GET 304 https://registry.npmjs.org/debug 182ms (from cache)
30 silly pacote version manifest for glob@7.1.3 fetched in 181ms
31 silly resolveWithNewModule glob@7.1.3 checking installable status
32 http fetch GET 304 https://registry.npmjs.org/he 185ms (from cache)
33 http fetch GET 304 https://registry.npmjs.org/js-yaml 185ms (from cache)
34 silly pacote version manifest for escape-string-regexp@1.0.5 fetched in 193ms
35 silly resolveWithNewModule escape-string-regexp@1.0.5 checking installable status
36 silly pacote version manifest for find-up@3.0.0 fetched in 195ms
37 silly resolveWithNewModule find-up@3.0.0 checking installable status
38 silly pacote version manifest for debug@3.2.6 fetched in 201ms
39 silly resolveWithNewModule debug@3.2.6 checking installable status
40 http fetch GET 304 https://registry.npmjs.org/log-symbols 136ms (from cache)
41 silly pacote version manifest for he@1.2.0 fetched in 202ms
42 silly resolveWithNewModule he@1.2.0 checking installable status
43 silly pacote version manifest for js-yaml@3.13.1 fetched in 203ms
44 silly resolveWithNewModule js-yaml@3.13.1 checking installable status
45 silly pacote version manifest for log-symbols@2.2.0 fetched in 151ms
46 silly resolveWithNewModule log-symbols@2.2.0 checking installable status
47 http fetch GET 304 https://registry.npmjs.org/minimatch 107ms (from cache)
48 http fetch GET 304 https://registry.npmjs.org/mkdirp 124ms (from cache)
49 silly pacote version manifest for minimatch@3.0.4 fetched in 131ms
50 silly resolveWithNewModule minimatch@3.0.4 checking installable status
51 silly pacote version manifest for mkdirp@0.5.1 fetched in 140ms
52 silly resolveWithNewModule mkdirp@0.5.1 checking installable status
53 http fetch GET 304 https://registry.npmjs.org/node-environment-flags 108ms (from cache)
54 http fetch GET 304 https://registry.npmjs.org/ms 123ms (from cache)
55 silly pacote version manifest for node-environment-flags@1.0.5 fetched in 118ms
56 silly resolveWithNewModule node-environment-flags@1.0.5 checking installable status
57 http fetch GET 304 https://registry.npmjs.org/strip-json-comments 104ms (from cache)
58 http fetch GET 304 https://registry.npmjs.org/supports-color 107ms (from cache)
59 silly pacote version manifest for ms@2.1.1 fetched in 132ms
60 silly resolveWithNewModule ms@2.1.1 checking installable status
61 silly pacote version manifest for strip-json-comments@2.0.1 fetched in 116ms
62 silly resolveWithNewModule strip-json-comments@2.0.1 checking installable status
63 http fetch GET 304 https://registry.npmjs.org/wide-align 111ms (from cache)
64 http fetch GET 304 https://registry.npmjs.org/object.assign 126ms (from cache)
65 silly pacote version manifest for supports-color@6.0.0 fetched in 120ms
66 silly resolveWithNewModule supports-color@6.0.0 checking installable status
67 http fetch GET 304 https://registry.npmjs.org/yargs 109ms (from cache)
68 http fetch GET 304 https://registry.npmjs.org/which 120ms (from cache)
69 silly pacote version manifest for wide-align@1.1.3 fetched in 122ms
70 silly resolveWithNewModule wide-align@1.1.3 checking installable status
71 silly pacote version manifest for object.assign@4.1.0 fetched in 138ms
72 silly resolveWithNewModule object.assign@4.1.0 checking installable status
73 silly pacote version manifest for yargs@13.2.2 fetched in 117ms
74 silly resolveWithNewModule yargs@13.2.2 checking installable status
75 silly pacote version manifest for which@1.3.1 fetched in 127ms
76 silly resolveWithNewModule which@1.3.1 checking installable status
77 http fetch GET 304 https://registry.npmjs.org/yargs-parser 53ms (from cache)
78 http fetch GET 304 https://registry.npmjs.org/yargs-unparser 53ms (from cache)
79 silly pacote version manifest for yargs-parser@13.0.0 fetched in 60ms
80 silly resolveWithNewModule yargs-parser@13.0.0 checking installable status
81 silly pacote version manifest for yargs-unparser@1.5.0 fetched in 56ms
82 silly resolveWithNewModule yargs-unparser@1.5.0 checking installable status
83 http fetch GET 304 https://registry.npmjs.org/locate-path 37ms (from cache)
84 silly pacote range manifest for locate-path@^3.0.0 fetched in 44ms
85 silly resolveWithNewModule locate-path@3.0.0 checking installable status
86 http fetch GET 304 https://registry.npmjs.org/p-locate 35ms (from cache)
87 http fetch GET 304 https://registry.npmjs.org/path-exists 36ms (from cache)
88 silly pacote range manifest for p-locate@^3.0.0 fetched in 38ms
89 silly resolveWithNewModule p-locate@3.0.0 checking installable status
90 silly pacote range manifest for path-exists@^3.0.0 fetched in 39ms
91 silly resolveWithNewModule path-exists@3.0.0 checking installable status
92 http fetch GET 304 https://registry.npmjs.org/p-limit 31ms (from cache)
93 silly pacote range manifest for p-limit@^2.0.0 fetched in 33ms
94 silly resolveWithNewModule p-limit@2.2.0 checking installable status
95 http fetch GET 304 https://registry.npmjs.org/p-try 29ms (from cache)
96 silly pacote range manifest for p-try@^2.0.0 fetched in 31ms
97 silly resolveWithNewModule p-try@2.2.0 checking installable status
98 http fetch GET 304 https://registry.npmjs.org/fs.realpath 33ms (from cache)
99 silly pacote range manifest for fs.realpath@^1.0.0 fetched in 41ms
100 silly resolveWithNewModule fs.realpath@1.0.0 checking installable status
101 http fetch GET 304 https://registry.npmjs.org/inherits 54ms (from cache)
102 http fetch GET 304 https://registry.npmjs.org/path-is-absolute 55ms (from cache)
103 http fetch GET 304 https://registry.npmjs.org/inflight 57ms (from cache)
104 http fetch GET 304 https://registry.npmjs.org/once 57ms (from cache)
105 silly pacote range manifest for path-is-absolute@^1.0.0 fetched in 60ms
106 silly resolveWithNewModule path-is-absolute@1.0.1 checking installable status
107 silly pacote range manifest for inherits@2 fetched in 62ms
108 silly resolveWithNewModule inherits@2.0.3 checking installable status
109 silly pacote range manifest for inflight@^1.0.4 fetched in 65ms
110 silly resolveWithNewModule inflight@1.0.6 checking installable status
111 silly pacote range manifest for once@^1.3.0 fetched in 64ms
112 silly resolveWithNewModule once@1.4.0 checking installable status
113 http fetch GET 304 https://registry.npmjs.org/wrappy 40ms (from cache)
114 silly pacote range manifest for wrappy@1 fetched in 42ms
115 silly resolveWithNewModule wrappy@1.0.2 checking installable status
116 http fetch GET 304 https://registry.npmjs.org/brace-expansion 35ms (from cache)
117 silly pacote range manifest for brace-expansion@^1.1.7 fetched in 38ms
118 silly resolveWithNewModule brace-expansion@1.1.11 checking installable status
119 http fetch GET 304 https://registry.npmjs.org/concat-map 32ms (from cache)
120 http fetch GET 304 https://registry.npmjs.org/balanced-match 34ms (from cache)
121 silly pacote version manifest for concat-map@0.0.1 fetched in 34ms
122 silly resolveWithNewModule concat-map@0.0.1 checking installable status
123 silly pacote range manifest for balanced-match@^1.0.0 fetched in 36ms
124 silly resolveWithNewModule balanced-match@1.0.0 checking installable status
125 http fetch GET 304 https://registry.npmjs.org/argparse 27ms (from cache)
126 silly pacote range manifest for argparse@^1.0.7 fetched in 30ms
127 silly resolveWithNewModule argparse@1.0.10 checking installable status
128 http fetch GET 304 https://registry.npmjs.org/esprima 35ms (from cache)
129 silly pacote range manifest for esprima@^4.0.0 fetched in 37ms
130 silly resolveWithNewModule esprima@4.0.1 checking installable status
131 http fetch GET 304 https://registry.npmjs.org/sprintf-js 38ms (from cache)
132 silly pacote range manifest for sprintf-js@~1.0.2 fetched in 40ms
133 silly resolveWithNewModule sprintf-js@1.0.3 checking installable status
134 http fetch GET 304 https://registry.npmjs.org/chalk 29ms (from cache)
135 silly pacote range manifest for chalk@^2.0.1 fetched in 33ms
136 silly resolveWithNewModule chalk@2.4.2 checking installable status
137 silly pacote range manifest for supports-color@^5.3.0 fetched in 4ms
138 silly resolveWithNewModule supports-color@5.5.0 checking installable status
139 http fetch GET 304 https://registry.npmjs.org/ansi-styles 33ms (from cache)
140 silly pacote range manifest for ansi-styles@^3.2.1 fetched in 36ms
141 silly resolveWithNewModule ansi-styles@3.2.1 checking installable status
142 http fetch GET 304 https://registry.npmjs.org/color-convert 37ms (from cache)
143 silly pacote range manifest for color-convert@^1.9.0 fetched in 42ms
144 silly resolveWithNewModule color-convert@1.9.3 checking installable status
145 http fetch GET 304 https://registry.npmjs.org/color-name 33ms (from cache)
146 silly pacote version manifest for color-name@1.1.3 fetched in 35ms
147 silly resolveWithNewModule color-name@1.1.3 checking installable status
148 http fetch GET 304 https://registry.npmjs.org/has-flag 53ms (from cache)
149 silly pacote range manifest for has-flag@^3.0.0 fetched in 56ms
150 silly resolveWithNewModule has-flag@3.0.0 checking installable status
151 http fetch GET 304 https://registry.npmjs.org/minimist 28ms (from cache)
152 silly pacote version manifest for minimist@0.0.8 fetched in 30ms
153 silly resolveWithNewModule minimist@0.0.8 checking installable status
154 http fetch GET 304 https://registry.npmjs.org/semver 30ms (from cache)
155 silly pacote range manifest for semver@^5.7.0 fetched in 41ms
156 silly resolveWithNewModule semver@5.7.0 checking installable status
157 http fetch GET 304 https://registry.npmjs.org/object.getownpropertydescriptors 43ms (from cache)
158 silly pacote range manifest for object.getownpropertydescriptors@^2.0.3 fetched in 45ms
159 silly resolveWithNewModule object.getownpropertydescriptors@2.0.3 checking installable status
160 http fetch GET 304 https://registry.npmjs.org/define-properties 36ms (from cache)
161 http fetch GET 304 https://registry.npmjs.org/es-abstract 37ms (from cache)
162 silly pacote range manifest for define-properties@^1.1.2 fetched in 38ms
163 silly resolveWithNewModule define-properties@1.1.3 checking installable status
164 silly pacote range manifest for es-abstract@^1.5.1 fetched in 40ms
165 silly resolveWithNewModule es-abstract@1.13.0 checking installable status
166 http fetch GET 304 https://registry.npmjs.org/object-keys 32ms (from cache)
167 silly pacote range manifest for object-keys@^1.0.12 fetched in 36ms
168 silly resolveWithNewModule object-keys@1.1.1 checking installable status
169 http fetch GET 304 https://registry.npmjs.org/function-bind 43ms (from cache)
170 silly pacote range manifest for function-bind@^1.1.1 fetched in 47ms
171 silly resolveWithNewModule function-bind@1.1.1 checking installable status
172 http fetch GET 304 https://registry.npmjs.org/has 49ms (from cache)
173 http fetch GET 304 https://registry.npmjs.org/es-to-primitive 50ms (from cache)
174 http fetch GET 304 https://registry.npmjs.org/is-callable 50ms (from cache)
175 http fetch GET 304 https://registry.npmjs.org/is-regex 50ms (from cache)
176 silly pacote range manifest for has@^1.0.3 fetched in 52ms
177 silly resolveWithNewModule has@1.0.3 checking installable status
178 silly pacote range manifest for es-to-primitive@^1.2.0 fetched in 54ms
179 silly resolveWithNewModule es-to-primitive@1.2.0 checking installable status
180 silly pacote range manifest for is-callable@^1.1.4 fetched in 54ms
181 silly resolveWithNewModule is-callable@1.1.4 checking installable status
182 silly pacote range manifest for is-regex@^1.0.4 fetched in 55ms
183 silly resolveWithNewModule is-regex@1.0.4 checking installable status
184 http fetch GET 304 https://registry.npmjs.org/is-symbol 33ms (from cache)
185 http fetch GET 304 https://registry.npmjs.org/is-date-object 33ms (from cache)
186 silly pacote range manifest for is-date-object@^1.0.1 fetched in 35ms
187 silly resolveWithNewModule is-date-object@1.0.1 checking installable status
188 silly pacote range manifest for is-symbol@^1.0.2 fetched in 36ms
189 silly resolveWithNewModule is-symbol@1.0.2 checking installable status
190 http fetch GET 304 https://registry.npmjs.org/has-symbols 32ms (from cache)
191 silly pacote range manifest for has-symbols@^1.0.0 fetched in 36ms
192 silly resolveWithNewModule has-symbols@1.0.0 checking installable status
193 http fetch GET 304 https://registry.npmjs.org/isexe 29ms (from cache)
194 silly pacote range manifest for isexe@^2.0.0 fetched in 33ms
195 silly resolveWithNewModule isexe@2.0.0 checking installable status
196 http fetch GET 304 https://registry.npmjs.org/string-width 28ms (from cache)
197 silly pacote range manifest for string-width@^1.0.2 || 2 fetched in 30ms
198 silly resolveWithNewModule string-width@2.1.1 checking installable status
199 http fetch GET 304 https://registry.npmjs.org/strip-ansi 31ms (from cache)
200 silly pacote range manifest for strip-ansi@^4.0.0 fetched in 37ms
201 silly resolveWithNewModule strip-ansi@4.0.0 checking installable status
202 http fetch GET 304 https://registry.npmjs.org/is-fullwidth-code-point 40ms (from cache)
203 silly pacote range manifest for is-fullwidth-code-point@^2.0.0 fetched in 42ms
204 silly resolveWithNewModule is-fullwidth-code-point@2.0.0 checking installable status
205 http fetch GET 304 https://registry.npmjs.org/ansi-regex 37ms (from cache)
206 silly pacote range manifest for ansi-regex@^3.0.0 fetched in 39ms
207 silly resolveWithNewModule ansi-regex@3.0.0 checking installable status
208 silly pacote range manifest for string-width@^3.0.0 fetched in 21ms
209 silly resolveWithNewModule string-width@3.1.0 checking installable status
210 http fetch GET 304 https://registry.npmjs.org/cliui 68ms (from cache)
211 http fetch GET 304 https://registry.npmjs.org/os-locale 72ms (from cache)
212 http fetch GET 304 https://registry.npmjs.org/require-directory 72ms (from cache)
213 http fetch GET 304 https://registry.npmjs.org/require-main-filename 74ms (from cache)
214 http fetch GET 304 https://registry.npmjs.org/set-blocking 74ms (from cache)
215 silly pacote range manifest for cliui@^4.0.0 fetched in 77ms
216 silly resolveWithNewModule cliui@4.1.0 checking installable status
217 http fetch GET 304 https://registry.npmjs.org/which-module 76ms (from cache)
218 http fetch GET 304 https://registry.npmjs.org/y18n 76ms (from cache)
219 silly pacote range manifest for os-locale@^3.1.0 fetched in 80ms
220 silly resolveWithNewModule os-locale@3.1.0 checking installable status
221 silly pacote range manifest for require-directory@^2.1.1 fetched in 79ms
222 silly resolveWithNewModule require-directory@2.1.1 checking installable status
223 silly pacote range manifest for require-main-filename@^2.0.0 fetched in 82ms
224 silly resolveWithNewModule require-main-filename@2.0.0 checking installable status
225 silly pacote range manifest for set-blocking@^2.0.0 fetched in 83ms
226 silly resolveWithNewModule set-blocking@2.0.0 checking installable status
227 silly pacote range manifest for which-module@^2.0.0 fetched in 83ms
228 silly resolveWithNewModule which-module@2.0.0 checking installable status
229 silly pacote range manifest for y18n@^4.0.0 fetched in 84ms
230 silly resolveWithNewModule y18n@4.0.0 checking installable status
231 http fetch GET 304 https://registry.npmjs.org/get-caller-file 92ms (from cache)
232 silly pacote range manifest for get-caller-file@^2.0.1 fetched in 95ms
233 silly resolveWithNewModule get-caller-file@2.0.5 checking installable status
234 http fetch GET 304 https://registry.npmjs.org/wrap-ansi 29ms (from cache)
235 silly pacote range manifest for wrap-ansi@^2.0.0 fetched in 32ms
236 silly resolveWithNewModule wrap-ansi@2.1.0 checking installable status
237 silly pacote range manifest for string-width@^1.0.1 fetched in 4ms
238 silly resolveWithNewModule string-width@1.0.2 checking installable status
239 silly pacote range manifest for strip-ansi@^3.0.1 fetched in 6ms
240 silly resolveWithNewModule strip-ansi@3.0.1 checking installable status
241 silly pacote range manifest for is-fullwidth-code-point@^1.0.0 fetched in 2ms
242 silly resolveWithNewModule is-fullwidth-code-point@1.0.0 checking installable status
243 http fetch GET 304 https://registry.npmjs.org/code-point-at 30ms (from cache)
244 silly pacote range manifest for code-point-at@^1.0.0 fetched in 31ms
245 silly resolveWithNewModule code-point-at@1.1.0 checking installable status
246 http fetch GET 304 https://registry.npmjs.org/number-is-nan 49ms (from cache)
247 silly pacote range manifest for number-is-nan@^1.0.0 fetched in 51ms
248 silly resolveWithNewModule number-is-nan@1.0.1 checking installable status
249 silly pacote range manifest for ansi-regex@^2.0.0 fetched in 2ms
250 silly resolveWithNewModule ansi-regex@2.1.1 checking installable status
251 http fetch GET 304 https://registry.npmjs.org/execa 42ms (from cache)
252 http fetch GET 304 https://registry.npmjs.org/lcid 44ms (from cache)
253 http fetch GET 304 https://registry.npmjs.org/mem 45ms (from cache)
254 silly pacote range manifest for execa@^1.0.0 fetched in 47ms
255 silly resolveWithNewModule execa@1.0.0 checking installable status
256 silly pacote range manifest for lcid@^2.0.0 fetched in 48ms
257 silly resolveWithNewModule lcid@2.0.0 checking installable status
258 silly pacote range manifest for mem@^4.0.0 fetched in 51ms
259 silly resolveWithNewModule mem@4.3.0 checking installable status
260 http fetch GET 304 https://registry.npmjs.org/cross-spawn 58ms (from cache)
261 http fetch GET 304 https://registry.npmjs.org/get-stream 59ms (from cache)
262 http fetch GET 304 https://registry.npmjs.org/npm-run-path 62ms (from cache)
263 silly pacote range manifest for cross-spawn@^6.0.0 fetched in 66ms
264 silly resolveWithNewModule cross-spawn@6.0.5 checking installable status
265 silly pacote range manifest for get-stream@^4.0.0 fetched in 66ms
266 silly resolveWithNewModule get-stream@4.1.0 checking installable status
267 http fetch GET 304 https://registry.npmjs.org/signal-exit 65ms (from cache)
268 http fetch GET 304 https://registry.npmjs.org/p-finally 68ms (from cache)
269 http fetch GET 304 https://registry.npmjs.org/is-stream 69ms (from cache)
270 http fetch GET 304 https://registry.npmjs.org/strip-eof 68ms (from cache)
271 silly pacote range manifest for npm-run-path@^2.0.0 fetched in 70ms
272 silly resolveWithNewModule npm-run-path@2.0.2 checking installable status
273 silly pacote range manifest for signal-exit@^3.0.0 fetched in 70ms
274 silly resolveWithNewModule signal-exit@3.0.2 checking installable status
275 silly pacote range manifest for p-finally@^1.0.0 fetched in 73ms
276 silly resolveWithNewModule p-finally@1.0.0 checking installable status
277 silly pacote range manifest for is-stream@^1.1.0 fetched in 75ms
278 silly resolveWithNewModule is-stream@1.1.0 checking installable status
279 silly pacote range manifest for strip-eof@^1.0.0 fetched in 73ms
280 silly resolveWithNewModule strip-eof@1.0.0 checking installable status
281 http fetch GET 304 https://registry.npmjs.org/nice-try 36ms (from cache)
282 silly pacote range manifest for nice-try@^1.0.4 fetched in 40ms
283 silly resolveWithNewModule nice-try@1.0.5 checking installable status
284 http fetch GET 304 https://registry.npmjs.org/path-key 40ms (from cache)
285 http fetch GET 304 https://registry.npmjs.org/shebang-command 41ms (from cache)
286 silly pacote range manifest for path-key@^2.0.1 fetched in 49ms
287 silly resolveWithNewModule path-key@2.0.1 checking installable status
288 silly pacote range manifest for shebang-command@^1.2.0 fetched in 50ms
289 silly resolveWithNewModule shebang-command@1.2.0 checking installable status
290 http fetch GET 304 https://registry.npmjs.org/shebang-regex 46ms (from cache)
291 silly pacote range manifest for shebang-regex@^1.0.0 fetched in 49ms
292 silly resolveWithNewModule shebang-regex@1.0.0 checking installable status
293 http fetch GET 304 https://registry.npmjs.org/pump 40ms (from cache)
294 silly pacote range manifest for pump@^3.0.0 fetched in 42ms
295 silly resolveWithNewModule pump@3.0.0 checking installable status
296 http fetch GET 304 https://registry.npmjs.org/end-of-stream 29ms (from cache)
297 silly pacote range manifest for end-of-stream@^1.1.0 fetched in 32ms
298 silly resolveWithNewModule end-of-stream@1.4.1 checking installable status
299 http fetch GET 304 https://registry.npmjs.org/invert-kv 33ms (from cache)
300 silly pacote range manifest for invert-kv@^2.0.0 fetched in 36ms
301 silly resolveWithNewModule invert-kv@2.0.0 checking installable status
302 http fetch GET 304 https://registry.npmjs.org/map-age-cleaner 36ms (from cache)
303 http fetch GET 304 https://registry.npmjs.org/p-is-promise 36ms (from cache)
304 http fetch GET 304 https://registry.npmjs.org/mimic-fn 39ms (from cache)
305 silly pacote range manifest for map-age-cleaner@^0.1.1 fetched in 42ms
306 silly resolveWithNewModule map-age-cleaner@0.1.3 checking installable status
307 silly pacote range manifest for p-is-promise@^2.0.0 fetched in 43ms
308 silly resolveWithNewModule p-is-promise@2.1.0 checking installable status
309 silly pacote range manifest for mimic-fn@^2.0.0 fetched in 45ms
310 silly resolveWithNewModule mimic-fn@2.1.0 checking installable status
311 http fetch GET 304 https://registry.npmjs.org/p-defer 33ms (from cache)
312 silly pacote range manifest for p-defer@^1.0.0 fetched in 35ms
313 silly resolveWithNewModule p-defer@1.0.0 checking installable status
314 silly pacote range manifest for strip-ansi@^5.1.0 fetched in 2ms
315 silly resolveWithNewModule strip-ansi@5.2.0 checking installable status
316 http fetch GET 304 https://registry.npmjs.org/emoji-regex 50ms (from cache)
317 silly pacote range manifest for emoji-regex@^7.0.1 fetched in 53ms
318 silly resolveWithNewModule emoji-regex@7.0.3 checking installable status
319 silly pacote range manifest for ansi-regex@^4.1.0 fetched in 2ms
320 silly resolveWithNewModule ansi-regex@4.1.0 checking installable status
321 http fetch GET 304 https://registry.npmjs.org/decamelize 35ms (from cache)
322 http fetch GET 304 https://registry.npmjs.org/camelcase 37ms (from cache)
323 silly pacote range manifest for decamelize@^1.2.0 fetched in 38ms
324 silly resolveWithNewModule decamelize@1.2.0 checking installable status
325 silly pacote range manifest for camelcase@^5.0.0 fetched in 42ms
326 silly resolveWithNewModule camelcase@5.3.1 checking installable status
327 silly pacote range manifest for yargs@^12.0.5 fetched in 11ms
328 silly resolveWithNewModule yargs@12.0.5 checking installable status
329 http fetch GET 304 https://registry.npmjs.org/lodash 53ms (from cache)
330 http fetch GET 304 https://registry.npmjs.org/flat 56ms (from cache)
331 silly pacote range manifest for lodash@^4.17.11 fetched in 57ms
332 silly resolveWithNewModule lodash@4.17.11 checking installable status
333 silly pacote range manifest for flat@^4.1.0 fetched in 59ms
334 silly resolveWithNewModule flat@4.1.0 checking installable status
335 http fetch GET 304 https://registry.npmjs.org/is-buffer 31ms (from cache)
336 silly pacote range manifest for is-buffer@~2.0.3 fetched in 33ms
337 silly resolveWithNewModule is-buffer@2.0.3 checking installable status
338 silly pacote range manifest for get-caller-file@^1.0.1 fetched in 3ms
339 silly resolveWithNewModule get-caller-file@1.0.3 checking installable status
340 silly pacote range manifest for require-main-filename@^1.0.1 fetched in 5ms
341 silly resolveWithNewModule require-main-filename@1.0.1 checking installable status
342 silly pacote range manifest for yargs-parser@^11.1.1 fetched in 8ms
343 silly resolveWithNewModule yargs-parser@11.1.1 checking installable status
344 silly currentTree lib
344 silly currentTree └─┬ mocha@6.1.4
344 silly currentTree   ├── ansi-colors@3.2.3
344 silly currentTree   ├── ansi-regex@3.0.0
344 silly currentTree   ├── ansi-styles@3.2.1
344 silly currentTree   ├── argparse@1.0.10
344 silly currentTree   ├── balanced-match@1.0.0
344 silly currentTree   ├── brace-expansion@1.1.11
344 silly currentTree   ├── browser-stdout@1.3.1
344 silly currentTree   ├── camelcase@5.3.1
344 silly currentTree   ├─┬ chalk@2.4.2
344 silly currentTree   │ └── supports-color@5.5.0
344 silly currentTree   ├── cliui@4.1.0
344 silly currentTree   ├── code-point-at@1.1.0
344 silly currentTree   ├── color-convert@1.9.3
344 silly currentTree   ├── color-name@1.1.3
344 silly currentTree   ├── concat-map@0.0.1
344 silly currentTree   ├── cross-spawn@6.0.5
344 silly currentTree   ├── debug@3.2.6
344 silly currentTree   ├── decamelize@1.2.0
344 silly currentTree   ├── define-properties@1.1.3
344 silly currentTree   ├── diff@3.5.0
344 silly currentTree   ├── emoji-regex@7.0.3
344 silly currentTree   ├── end-of-stream@1.4.1
344 silly currentTree   ├── es-abstract@1.13.0
344 silly currentTree   ├── es-to-primitive@1.2.0
344 silly currentTree   ├── escape-string-regexp@1.0.5
344 silly currentTree   ├── esprima@4.0.1
344 silly currentTree   ├── execa@1.0.0
344 silly currentTree   ├── find-up@3.0.0
344 silly currentTree   ├── flat@4.1.0
344 silly currentTree   ├── fs.realpath@1.0.0
344 silly currentTree   ├── function-bind@1.1.1
344 silly currentTree   ├── get-caller-file@2.0.5
344 silly currentTree   ├── get-stream@4.1.0
344 silly currentTree   ├── glob@7.1.3
344 silly currentTree   ├── growl@1.10.5
344 silly currentTree   ├── has-flag@3.0.0
344 silly currentTree   ├── has-symbols@1.0.0
344 silly currentTree   ├── has@1.0.3
344 silly currentTree   ├── he@1.2.0
344 silly currentTree   ├── inflight@1.0.6
344 silly currentTree   ├── inherits@2.0.3
344 silly currentTree   ├── invert-kv@2.0.0
344 silly currentTree   ├── is-buffer@2.0.3
344 silly currentTree   ├── is-callable@1.1.4
344 silly currentTree   ├── is-date-object@1.0.1
344 silly currentTree   ├── is-fullwidth-code-point@2.0.0
344 silly currentTree   ├── is-regex@1.0.4
344 silly currentTree   ├── is-stream@1.1.0
344 silly currentTree   ├── is-symbol@1.0.2
344 silly currentTree   ├── isexe@2.0.0
344 silly currentTree   ├── js-yaml@3.13.1
344 silly currentTree   ├── lcid@2.0.0
344 silly currentTree   ├── locate-path@3.0.0
344 silly currentTree   ├── lodash@4.17.11
344 silly currentTree   ├── log-symbols@2.2.0
344 silly currentTree   ├── map-age-cleaner@0.1.3
344 silly currentTree   ├── mem@4.3.0
344 silly currentTree   ├── mimic-fn@2.1.0
344 silly currentTree   ├── minimatch@3.0.4
344 silly currentTree   ├── minimist@0.0.8
344 silly currentTree   ├── mkdirp@0.5.1
344 silly currentTree   ├── ms@2.1.1
344 silly currentTree   ├── nice-try@1.0.5
344 silly currentTree   ├── node-environment-flags@1.0.5
344 silly currentTree   ├── npm-run-path@2.0.2
344 silly currentTree   ├── number-is-nan@1.0.1
344 silly currentTree   ├── object-keys@1.1.1
344 silly currentTree   ├── object.assign@4.1.0
344 silly currentTree   ├── object.getownpropertydescriptors@2.0.3
344 silly currentTree   ├── once@1.4.0
344 silly currentTree   ├── os-locale@3.1.0
344 silly currentTree   ├── p-defer@1.0.0
344 silly currentTree   ├── p-finally@1.0.0
344 silly currentTree   ├── p-is-promise@2.1.0
344 silly currentTree   ├── p-limit@2.2.0
344 silly currentTree   ├── p-locate@3.0.0
344 silly currentTree   ├── p-try@2.2.0
344 silly currentTree   ├── path-exists@3.0.0
344 silly currentTree   ├── path-is-absolute@1.0.1
344 silly currentTree   ├── path-key@2.0.1
344 silly currentTree   ├── pump@3.0.0
344 silly currentTree   ├── require-directory@2.1.1
344 silly currentTree   ├── require-main-filename@2.0.0
344 silly currentTree   ├── semver@5.7.0
344 silly currentTree   ├── set-blocking@2.0.0
344 silly currentTree   ├── shebang-command@1.2.0
344 silly currentTree   ├── shebang-regex@1.0.0
344 silly currentTree   ├── signal-exit@3.0.2
344 silly currentTree   ├── sprintf-js@1.0.3
344 silly currentTree   ├── string-width@2.1.1
344 silly currentTree   ├── strip-ansi@4.0.0
344 silly currentTree   ├── strip-eof@1.0.0
344 silly currentTree   ├── strip-json-comments@2.0.1
344 silly currentTree   ├── supports-color@6.0.0
344 silly currentTree   ├── which-module@2.0.0
344 silly currentTree   ├── which@1.3.1
344 silly currentTree   ├── wide-align@1.1.3
344 silly currentTree   ├─┬ wrap-ansi@2.1.0
344 silly currentTree   │ ├── ansi-regex@2.1.1
344 silly currentTree   │ ├── is-fullwidth-code-point@1.0.0
344 silly currentTree   │ ├── string-width@1.0.2
344 silly currentTree   │ └── strip-ansi@3.0.1
344 silly currentTree   ├── wrappy@1.0.2
344 silly currentTree   ├── y18n@4.0.0
344 silly currentTree   ├── yargs-parser@13.0.0
344 silly currentTree   ├─┬ yargs-unparser@1.5.0
344 silly currentTree   │ ├── get-caller-file@1.0.3
344 silly currentTree   │ ├── require-main-filename@1.0.1
344 silly currentTree   │ ├── yargs-parser@11.1.1
344 silly currentTree   │ └── yargs@12.0.5
344 silly currentTree   └─┬ yargs@13.2.2
344 silly currentTree     ├── ansi-regex@4.1.0
344 silly currentTree     ├── string-width@3.1.0
344 silly currentTree     └── strip-ansi@5.2.0
345 silly idealTree lib
345 silly idealTree └─┬ mocha@6.1.4
345 silly idealTree   ├── ansi-colors@3.2.3
345 silly idealTree   ├── ansi-regex@3.0.0
345 silly idealTree   ├── ansi-styles@3.2.1
345 silly idealTree   ├── argparse@1.0.10
345 silly idealTree   ├── balanced-match@1.0.0
345 silly idealTree   ├── brace-expansion@1.1.11
345 silly idealTree   ├── browser-stdout@1.3.1
345 silly idealTree   ├── camelcase@5.3.1
345 silly idealTree   ├─┬ chalk@2.4.2
345 silly idealTree   │ └── supports-color@5.5.0
345 silly idealTree   ├── cliui@4.1.0
345 silly idealTree   ├── code-point-at@1.1.0
345 silly idealTree   ├── color-convert@1.9.3
345 silly idealTree   ├── color-name@1.1.3
345 silly idealTree   ├── concat-map@0.0.1
345 silly idealTree   ├── cross-spawn@6.0.5
345 silly idealTree   ├── debug@3.2.6
345 silly idealTree   ├── decamelize@1.2.0
345 silly idealTree   ├── define-properties@1.1.3
345 silly idealTree   ├── diff@3.5.0
345 silly idealTree   ├── emoji-regex@7.0.3
345 silly idealTree   ├── end-of-stream@1.4.1
345 silly idealTree   ├── es-abstract@1.13.0
345 silly idealTree   ├── es-to-primitive@1.2.0
345 silly idealTree   ├── escape-string-regexp@1.0.5
345 silly idealTree   ├── esprima@4.0.1
345 silly idealTree   ├── execa@1.0.0
345 silly idealTree   ├── find-up@3.0.0
345 silly idealTree   ├── flat@4.1.0
345 silly idealTree   ├── fs.realpath@1.0.0
345 silly idealTree   ├── function-bind@1.1.1
345 silly idealTree   ├── get-caller-file@2.0.5
345 silly idealTree   ├── get-stream@4.1.0
345 silly idealTree   ├── glob@7.1.3
345 silly idealTree   ├── growl@1.10.5
345 silly idealTree   ├── has-flag@3.0.0
345 silly idealTree   ├── has-symbols@1.0.0
345 silly idealTree   ├── has@1.0.3
345 silly idealTree   ├── he@1.2.0
345 silly idealTree   ├── inflight@1.0.6
345 silly idealTree   ├── inherits@2.0.3
345 silly idealTree   ├── invert-kv@2.0.0
345 silly idealTree   ├── is-buffer@2.0.3
345 silly idealTree   ├── is-callable@1.1.4
345 silly idealTree   ├── is-date-object@1.0.1
345 silly idealTree   ├── is-fullwidth-code-point@2.0.0
345 silly idealTree   ├── is-regex@1.0.4
345 silly idealTree   ├── is-stream@1.1.0
345 silly idealTree   ├── is-symbol@1.0.2
345 silly idealTree   ├── isexe@2.0.0
345 silly idealTree   ├── js-yaml@3.13.1
345 silly idealTree   ├── lcid@2.0.0
345 silly idealTree   ├── locate-path@3.0.0
345 silly idealTree   ├── lodash@4.17.11
345 silly idealTree   ├── log-symbols@2.2.0
345 silly idealTree   ├── map-age-cleaner@0.1.3
345 silly idealTree   ├── mem@4.3.0
345 silly idealTree   ├── mimic-fn@2.1.0
345 silly idealTree   ├── minimatch@3.0.4
345 silly idealTree   ├── minimist@0.0.8
345 silly idealTree   ├── mkdirp@0.5.1
345 silly idealTree   ├── ms@2.1.1
345 silly idealTree   ├── nice-try@1.0.5
345 silly idealTree   ├── node-environment-flags@1.0.5
345 silly idealTree   ├── npm-run-path@2.0.2
345 silly idealTree   ├── number-is-nan@1.0.1
345 silly idealTree   ├── object-keys@1.1.1
345 silly idealTree   ├── object.assign@4.1.0
345 silly idealTree   ├── object.getownpropertydescriptors@2.0.3
345 silly idealTree   ├── once@1.4.0
345 silly idealTree   ├── os-locale@3.1.0
345 silly idealTree   ├── p-defer@1.0.0
345 silly idealTree   ├── p-finally@1.0.0
345 silly idealTree   ├── p-is-promise@2.1.0
345 silly idealTree   ├── p-limit@2.2.0
345 silly idealTree   ├── p-locate@3.0.0
345 silly idealTree   ├── p-try@2.2.0
345 silly idealTree   ├── path-exists@3.0.0
345 silly idealTree   ├── path-is-absolute@1.0.1
345 silly idealTree   ├── path-key@2.0.1
345 silly idealTree   ├── pump@3.0.0
345 silly idealTree   ├── require-directory@2.1.1
345 silly idealTree   ├── require-main-filename@2.0.0
345 silly idealTree   ├── semver@5.7.0
345 silly idealTree   ├── set-blocking@2.0.0
345 silly idealTree   ├── shebang-command@1.2.0
345 silly idealTree   ├── shebang-regex@1.0.0
345 silly idealTree   ├── signal-exit@3.0.2
345 silly idealTree   ├── sprintf-js@1.0.3
345 silly idealTree   ├── string-width@2.1.1
345 silly idealTree   ├── strip-ansi@4.0.0
345 silly idealTree   ├── strip-eof@1.0.0
345 silly idealTree   ├── strip-json-comments@2.0.1
345 silly idealTree   ├── supports-color@6.0.0
345 silly idealTree   ├── which-module@2.0.0
345 silly idealTree   ├── which@1.3.1
345 silly idealTree   ├── wide-align@1.1.3
345 silly idealTree   ├─┬ wrap-ansi@2.1.0
345 silly idealTree   │ ├── ansi-regex@2.1.1
345 silly idealTree   │ ├── is-fullwidth-code-point@1.0.0
345 silly idealTree   │ ├── string-width@1.0.2
345 silly idealTree   │ └── strip-ansi@3.0.1
345 silly idealTree   ├── wrappy@1.0.2
345 silly idealTree   ├── y18n@4.0.0
345 silly idealTree   ├── yargs-parser@13.0.0
345 silly idealTree   ├─┬ yargs-unparser@1.5.0
345 silly idealTree   │ ├── get-caller-file@1.0.3
345 silly idealTree   │ ├── require-main-filename@1.0.1
345 silly idealTree   │ ├── yargs-parser@11.1.1
345 silly idealTree   │ └── yargs@12.0.5
345 silly idealTree   └─┬ yargs@13.2.2
345 silly idealTree     ├── ansi-regex@4.1.0
345 silly idealTree     ├── string-width@3.1.0
345 silly idealTree     └── strip-ansi@5.2.0
346 silly install generateActionsToTake
347 warn checkPermissions Missing write access to /usr/local/lib/node_modules/mocha
348 warn checkPermissions Missing write access to /usr/local/lib/node_modules
349 verbose stack Error: EACCES: permission denied, access '/usr/local/lib/node_modules/mocha'
349 verbose stack     at Error (native)
350 verbose cwd /home/tom1/test
351 verbose Linux 4.4.0-1072-aws
352 verbose argv "/usr/bin/nodejs" "/usr/local/bin/npm" "i" "-g" "mocha"
353 verbose node v4.2.6
354 verbose npm  v5.0.3
355 error path /usr/local/lib/node_modules/mocha
356 error code EACCES
357 error errno -13
358 error syscall access
359 error Error: EACCES: permission denied, access '/usr/local/lib/node_modules/mocha'
359 error     at Error (native)
359 error  { [Error: EACCES: permission denied, access '/usr/local/lib/node_modules/mocha']
359 error   errno: -13,
359 error   code: 'EACCES',
359 error   syscall: 'access',
359 error   path: '/usr/local/lib/node_modules/mocha' }
360 error Please try running this command again as root/Administrator.
361 verbose exit [ -13, true ]
